2019.03.14 19:06:16
Имя: 1
Телефон: 103
Адрес страницы: http://lp.local/

2019.03.14 19:13:19
Имя: значение не указано
Телефон: 103
Адрес страницы: http://lp.local/

2019.03.14 19:13:30
Имя: значение не указано
Телефон: 103
Адрес страницы: http://lp.local/

2019.03.14 19:13:55
Имя: 444
Телефон: 103
Адрес страницы: http://lp.local/

2019.03.14 19:16:17
Имя: 34234
Телефон: 103
Адрес страницы: http://lp.local/

2019.03.14 19:19:00
Имя: тест
Телефон: 103
Дополнительная информация: Услуга 4
Адрес страницы: http://lp.local/

2019.03.14 19:26:00
Имя: значение не указано
Телефон: 1032
Почта: значение не указано
Сообщение: значение не указано
Адрес страницы: http://lp.local/

2019.03.14 19:26:19
Имя: 1
Телефон: 103
Почта: tut@tut.tam
Сообщение: sd;fdspofdspofidpsofif
Адрес страницы: http://lp.local/

2019.03.14 19:38:44
Имя: значение не указано
Телефон: 103
Почта: значение не указано
Вложение: http://lp.local/blocks/uploads/attachment_20190314_193839.rar
Сообщение: значение не указано
Адрес страницы: http://lp.local/

2019.03.14 20:41:24
Имя: значение не указано
Телефон: 103
Почта: значение не указано
Сообщение: значение не указано
Адрес страницы: http://lp.local/

2019.04.02 21:22:31
Имя: значение не указано
Телефон: 103
Почта: значение не указано
Сообщение: значение не указано
Адрес страницы: http://lp.local/prices

